01:52:00.777 [main                     ] DEBUG Logger               - Configured Logger
01:52:00.784 [main                     ] DEBUG GameApplication      - Logging settings
Title: BOMBER
 MAN
Version: 1.0
Width: 1280
Height: 720
Fullscreen: true
Intro: false
Profiling: false
Single step:false
App Mode: DEVELOPER
Menu Key: ESCAPE
Stage Style: DECORATED
Scene Factory: class Bomberman.GameApp$1

01:52:01.545 [JavaFX Application Thread] DEBUG FXGLApplication      - Initializing FXGL
01:52:01.547 [JavaFX Application Thread] INFO  Engine               - FXGL-11.17 (16.07.2021 15.46) on WINDOWS (J:17.0.4.1 FX:16)
01:52:01.554 [JavaFX Application Thread] DEBUG Engine               - JRE Vendor Name: Oracle Corporation
01:52:01.554 [JavaFX Application Thread] DEBUG Engine               - Running on OS: Windows 11 version 10.0
01:52:01.554 [JavaFX Application Thread] DEBUG Engine               - Architecture: amd64
01:52:01.555 [JavaFX Application Thread] INFO  Engine               - Source code and latest versions at: https://github.com/AlmasB/FXGL
01:52:01.556 [JavaFX Application Thread] INFO  Engine               -              Join the FXGL chat at: https://gitter.im/AlmasB/FXGL
01:52:01.750 [JavaFX Application Thread] DEBUG PrimaryStageWindow   - Creating a JavaFX scene
01:52:01.811 [JavaFX Application Thread] DEBUG PrimaryStageWindow   - Target settings size: 1280.0 x 720.0
01:52:01.812 [JavaFX Application Thread] DEBUG PrimaryStageWindow   - Scaled scene size:    1280.0 x 720.0
01:52:01.813 [JavaFX Application Thread] DEBUG PrimaryStageWindow   - Scaled ratio: (1.0, 1.0)
01:52:01.814 [JavaFX Application Thread] DEBUG PrimaryStageWindow   - Set initial scene to FXGLStartupScene
01:52:01.847 [JavaFX Application Thread] DEBUG PrimaryStageWindow   - Opening main window
01:52:02.039 [JavaFX Application Thread] DEBUG PrimaryStageWindow   - Window border size: (14.4000244140625, 37.5999755859375)
01:52:02.039 [JavaFX Application Thread] DEBUG PrimaryStageWindow   - Scaled size: 1280.0 x 720.0
01:52:02.039 [JavaFX Application Thread] DEBUG PrimaryStageWindow   - Scaled ratio: (1.0, 1.0)
01:52:02.039 [JavaFX Application Thread] DEBUG PrimaryStageWindow   - Scene size: 1280.0 x 720.0
01:52:02.039 [JavaFX Application Thread] DEBUG PrimaryStageWindow   - Stage size: 1294.4000244140625 x 757.5999755859375
01:52:02.169 [JavaFX Application Thread] DEBUG PrimaryStageWindow   - Going fullscreen
01:52:02.227 [FXGL Background Thread 1 ] DEBUG Engine               - Initializing environment variables
01:52:02.307 [FXGL Background Thread 1 ] DEBUG FXGLAssetLoaderServi - User app class for loading assets: class Bomberman.GameApp
01:52:02.307 [FXGL Background Thread 1 ] DEBUG GameApplicationServi - Applying CSS: fxgl_dark.css
01:52:02.308 [FXGL Background Thread 1 ] DEBUG FXGLAssetLoaderServi - Loading from file system: jar:file:/C:/Users/thanh/.m2/repository/com/github/almasb/fxgl/11.17/fxgl-11.17.jar!/fxglassets/ui/css/fxgl_dark.css
01:52:02.381 [FXGL Background Thread 1 ] DEBUG GameApplicationServi - Initializing application scenes
01:52:02.473 [FXGL Background Thread 1 ] DEBUG GameWorld            - Game world initialized
01:52:02.537 [FXGL Background Thread 1 ] DEBUG PhysicsWorld         - Physics world initialized: appHeight=720, physics.ppm=50.0
01:52:02.538 [FXGL Background Thread 1 ] DEBUG PhysicsWorld         - Using strategy: BRUTE_FORCE
01:52:02.540 [FXGL Background Thread 1 ] DEBUG GameScene            - Game scene initialized: 1280x720
01:52:02.673 [FXGL Background Thread 1 ] DEBUG GameApplicationServi - Application scenes initialized
01:52:02.695 [FXGL Background Thread 1 ] DEBUG SystemBundleService  - Loading default FXGL system data
01:52:02.696 [FXGL Background Thread 1 ] DEBUG UpdaterService       - Checking for updates
01:52:02.704 [FXGL Background Thread 1 ] DEBUG FXGLApplication      - Loading default localization
01:52:02.704 [FXGL Background Thread 1 ] DEBUG FXGLAssetLoaderServi - Loading from file system: jar:file:/C:/Users/thanh/.m2/repository/com/github/almasb/fxgl/11.17/fxgl-11.17.jar!/fxglassets/languages/english.lang
01:52:02.720 [FXGL Background Thread 1 ] INFO  FXGLApplication      - FXGL initialization took: 0.493 sec
01:52:02.728 [FXGL Background Thread 4 ] DEBUG FXGLApplication      - Loading fonts
01:52:02.731 [FXGL Background Thread 4 ] DEBUG FXGLAssetLoaderServi - Loading from file system: file:/C:/Users/thanh/OneDrive/M%c3%a1y%20t%c3%adnh/2D%20Adventure/Bomberman-master/target/classes/assets/ui/fonts/game_font.ttf
01:52:02.740 [JavaFX Application Thread] DEBUG Input                - Registered new binding: Move Up - W
01:52:02.741 [JavaFX Application Thread] DEBUG Input                - Registered new binding: Move Down - S
01:52:02.741 [JavaFX Application Thread] DEBUG Input                - Registered new binding: Move Left - A
01:52:02.741 [JavaFX Application Thread] DEBUG Input                - Registered new binding: Move Right - D
01:52:02.741 [JavaFX Application Thread] DEBUG Input                - Registered new binding: Place Bomb - Space
01:52:02.742 [JavaFX Application Thread] DEBUG FXGLAssetLoaderServi - Loading from file system: file:/C:/Users/thanh/OneDrive/M%c3%a1y%20t%c3%adnh/2D%20Adventure/Bomberman-master/target/classes/assets/music/stage_theme.mp3
01:52:02.873 [FXGL Background Thread 4 ] DEBUG FXGLAssetLoaderServi - Loading from file system: jar:file:/C:/Users/thanh/.m2/repository/com/github/almasb/fxgl/11.17/fxgl-11.17.jar!/fxglassets/ui/fonts/Abel-Regular.ttf
01:52:02.881 [FXGL Background Thread 4 ] DEBUG FXGLAssetLoaderServi - Loading from file system: jar:file:/C:/Users/thanh/.m2/repository/com/github/almasb/fxgl/11.17/fxgl-11.17.jar!/fxglassets/ui/fonts/lucida_console.ttf
01:52:02.889 [FXGL Background Thread 4 ] DEBUG FXGLAssetLoaderServi - Loading from file system: jar:file:/C:/Users/thanh/.m2/repository/com/github/almasb/fxgl/11.17/fxgl-11.17.jar!/fxglassets/ui/fonts/Courier-Prime.ttf
01:52:02.985 [JavaFX Application Thread] DEBUG AudioPlayer          - Playing music com.almasb.fxgl.audio.Music@7540a903
01:52:02.988 [JavaFX Application Thread] DEBUG FXGLAssetLoaderServi - Loading from file system: jar:file:/C:/Users/thanh/.m2/repository/com/github/almasb/fxgl/11.17/fxgl-11.17.jar!/fxglassets/textures/fxgl_icon.png
01:52:03.010 [JavaFX Application Thread] DEBUG FXGLAssetLoaderServi - Loading from file system: jar:file:/C:/Users/thanh/.m2/repository/com/github/almasb/fxgl/11.17/fxgl-11.17.jar!/fxglassets/textures/fxgl_default_cursor.png
01:52:03.013 [JavaFX Application Thread] DEBUG Input                - Registered new binding: Screenshot - CTRL+8
01:52:03.013 [JavaFX Application Thread] DEBUG Input                - Registered new binding: System info dump - CTRL+9
01:52:03.014 [JavaFX Application Thread] DEBUG Input                - Registered new binding: Restart - CTRL+R
01:52:03.015 [JavaFX Application Thread] DEBUG Input                - Registered new binding: Toggle Debug Camera - CTRL+C
01:52:03.018 [JavaFX Application Thread] DEBUG LoopRunner           - Starting loop
01:52:03.019 [JavaFX Application Thread] DEBUG LoopRunner           - Initializing JavaFX AnimationTimerLoop
01:52:03.022 [JavaFX Application Thread] DEBUG Input                - Clearing active input actions
01:52:03.030 [JavaFX Application Thread] DEBUG GameApplicationServi - Removing overlay from FXGLStartupScene and adding to FXGLMainMenuDummyScene
01:52:03.031 [JavaFX Application Thread] DEBUG PrimaryStageWindow   - FXGLStartupScene -> FXGLMainMenuDummyScene
01:52:03.031 [JavaFX Application Thread] DEBUG PrimaryStageWindow   - Push state: MainMenu
01:52:03.031 [JavaFX Application Thread] DEBUG Input                - Clearing active input actions
01:52:03.039 [JavaFX Application Thread] DEBUG GameApplicationServi - Removing overlay from FXGLMainMenuDummyScene and adding to MainMenu
01:52:03.039 [JavaFX Application Thread] DEBUG PrimaryStageWindow   - FXGLMainMenuDummyScene -> MainMenu
01:52:03.053 [JavaFX Application Thread] DEBUG FXGLApplication      - Registering font factories with UI factory
01:52:03.643 [FXGL Background Thread 2 ] INFO  UpdaterService       - Your current version:  11.17
01:52:03.657 [FXGL Background Thread 2 ] INFO  UpdaterService       - Latest stable version: 17.2
01:52:05.307 [JavaFX Application Thread] DEBUG Menu                 - fireExit()
01:52:05.316 [JavaFX Application Thread] DEBUG PrimaryStageWindow   - Push state: DialogSubScene
01:52:05.316 [JavaFX Application Thread] DEBUG Input                - Clearing active input actions
01:52:05.320 [JavaFX Application Thread] DEBUG GameApplicationServi - Removing overlay from MainMenu and adding to DialogSubScene
01:52:05.321 [JavaFX Application Thread] DEBUG PrimaryStageWindow   - MainMenu -> DialogSubScene
01:52:05.706 [FXGL Background Thread 3 ] DEBUG Engine               - Logging environment variables
01:52:05.706 [FXGL Background Thread 3 ] DEBUG Engine               - achievements: []
01:52:05.706 [FXGL Background Thread 3 ] DEBUG Engine               - actualHeight: 864.0
01:52:05.706 [FXGL Background Thread 3 ] DEBUG Engine               - actualHeightProperty: ReadOnlyDoubleProperty [value: 864.0]
01:52:05.707 [FXGL Background Thread 3 ] DEBUG Engine               - actualWidth: 1536.0
01:52:05.707 [FXGL Background Thread 3 ] DEBUG Engine               - actualWidthProperty: ReadOnlyDoubleProperty [value: 1536.0]
01:52:05.707 [FXGL Background Thread 3 ] DEBUG Engine               - appIcon: fxgl_icon.png
01:52:05.707 [FXGL Background Thread 3 ] DEBUG Engine               - applicationMode: DEVELOPER
01:52:05.707 [FXGL Background Thread 3 ] DEBUG Engine               - cSSList: [fxgl_dark.css]
01:52:05.707 [FXGL Background Thread 3 ] DEBUG Engine               - collisionDetectionStrategy: BRUTE_FORCE
01:52:05.707 [FXGL Background Thread 3 ] DEBUG Engine               - configClass: Optional.empty
01:52:05.707 [FXGL Background Thread 3 ] DEBUG Engine               - credits: []
01:52:05.707 [FXGL Background Thread 3 ] DEBUG Engine               - defaultCursor: CursorInfo(imageName=fxgl_default_cursor.png, hotspotX=7.0, hotspotY=6.0)
01:52:05.707 [FXGL Background Thread 3 ] DEBUG Engine               - devBBoxColorProperty: ObjectProperty [value: 0xff0000ff]
01:52:05.708 [FXGL Background Thread 3 ] DEBUG Engine               - devEnableDebugCameraProperty: BooleanProperty [value: false]
01:52:05.708 [FXGL Background Thread 3 ] DEBUG Engine               - devSensorColorProperty: ObjectProperty [value: 0xffff00ff]
01:52:05.708 [FXGL Background Thread 3 ] DEBUG Engine               - devShowBBoxProperty: BooleanProperty [value: false]
01:52:05.708 [FXGL Background Thread 3 ] DEBUG Engine               - devShowPositionProperty: BooleanProperty [value: false]
01:52:05.708 [FXGL Background Thread 3 ] DEBUG Engine               - enabledMenuItems: []
01:52:05.708 [FXGL Background Thread 3 ] DEBUG Engine               - engineServices: [class com.almasb.fxgl.app.services.FXGLAssetLoaderService, class com.almasb.fxgl.app.FXGLApplication$GameApplicationService, class com.almasb.fxgl.app.services.FXGLDialogService, class com.almasb.fxgl.app.services.IOTaskExecutorService, class com.almasb.fxgl.io.FileSystemService, class com.almasb.fxgl.localization.LocalizationService, class com.almasb.fxgl.app.services.SystemBundleService, class com.almasb.fxgl.profile.SaveLoadService, class com.almasb.fxgl.ui.FXGLUIFactoryServiceProvider, class com.almasb.fxgl.ui.FXGLDialogFactoryServiceProvider, class com.almasb.fxgl.audio.AudioPlayer, class com.almasb.fxgl.notification.impl.NotificationServiceProvider, class com.almasb.fxgl.achievement.AchievementService, class com.almasb.fxgl.cutscene.CutsceneService, class com.almasb.fxgl.minigames.MiniGameService, class com.almasb.fxgl.net.NetService, class com.almasb.fxgl.app.services.UpdaterService, class com.almasb.fxgl.dev.DevService]
01:52:05.708 [FXGL Background Thread 3 ] DEBUG Engine               - fontGame: Abel-Regular.ttf
01:52:05.708 [FXGL Background Thread 3 ] DEBUG Engine               - fontMono: lucida_console.ttf
01:52:05.708 [FXGL Background Thread 3 ] DEBUG Engine               - fontText: Courier-Prime.ttf
01:52:05.708 [FXGL Background Thread 3 ] DEBUG Engine               - fontUI: game_font.ttf
01:52:05.708 [FXGL Background Thread 3 ] DEBUG Engine               - fullScreen: BooleanProperty [value: true]
01:52:05.708 [FXGL Background Thread 3 ] DEBUG Engine               - gameDifficulty: MEDIUM
01:52:05.709 [FXGL Background Thread 3 ] DEBUG Engine               - gameDifficultyProperty: ObjectProperty [value: MEDIUM]
01:52:05.709 [FXGL Background Thread 3 ] DEBUG Engine               - globalMusicVolume: 0.5
01:52:05.709 [FXGL Background Thread 3 ] DEBUG Engine               - globalMusicVolumeProperty: DoubleProperty [value: 0.5]
01:52:05.709 [FXGL Background Thread 3 ] DEBUG Engine               - globalSoundVolume: 0.5
01:52:05.709 [FXGL Background Thread 3 ] DEBUG Engine               - globalSoundVolumeProperty: DoubleProperty [value: 0.5]
01:52:05.709 [FXGL Background Thread 3 ] DEBUG Engine               - height: 720
01:52:05.709 [FXGL Background Thread 3 ] DEBUG Engine               - is3D: false
01:52:05.709 [FXGL Background Thread 3 ] DEBUG Engine               - isAndroid: false
01:52:05.709 [FXGL Background Thread 3 ] DEBUG Engine               - isBrowser: false
01:52:05.709 [FXGL Background Thread 3 ] DEBUG Engine               - isClickFeedbackEnabled: false
01:52:05.709 [FXGL Background Thread 3 ] DEBUG Engine               - isCloseConfirmation: false
01:52:05.709 [FXGL Background Thread 3 ] DEBUG Engine               - isDesktop: true
01:52:05.709 [FXGL Background Thread 3 ] DEBUG Engine               - isDeveloperMenuEnabled: false
01:52:05.710 [FXGL Background Thread 3 ] DEBUG Engine               - isEntityPreloadEnabled: true
01:52:05.710 [FXGL Background Thread 3 ] DEBUG Engine               - isExperimentalTiledLargeMap: false
01:52:05.710 [FXGL Background Thread 3 ] DEBUG Engine               - isFileSystemWriteAllowed: true
01:52:05.710 [FXGL Background Thread 3 ] DEBUG Engine               - isFullScreenAllowed: true
01:52:05.710 [FXGL Background Thread 3 ] DEBUG Engine               - isFullScreenFromStart: true
01:52:05.710 [FXGL Background Thread 3 ] DEBUG Engine               - isGameMenuEnabled: true
01:52:05.710 [FXGL Background Thread 3 ] DEBUG Engine               - isIOS: false
01:52:05.710 [FXGL Background Thread 3 ] DEBUG Engine               - isIntroEnabled: false
01:52:05.710 [FXGL Background Thread 3 ] DEBUG Engine               - isLinux: false
01:52:05.710 [FXGL Background Thread 3 ] DEBUG Engine               - isMac: false
01:52:05.710 [FXGL Background Thread 3 ] DEBUG Engine               - isMainMenuEnabled: true
01:52:05.710 [FXGL Background Thread 3 ] DEBUG Engine               - isManualResizeEnabled: false
01:52:05.710 [FXGL Background Thread 3 ] DEBUG Engine               - isMobile: false
01:52:05.710 [FXGL Background Thread 3 ] DEBUG Engine               - isNative: false
01:52:05.710 [FXGL Background Thread 3 ] DEBUG Engine               - isPauseMusicWhenMinimized: true
01:52:05.711 [FXGL Background Thread 3 ] DEBUG Engine               - isPreserveResizeRatio: false
01:52:05.711 [FXGL Background Thread 3 ] DEBUG Engine               - isProfilingEnabled: false
01:52:05.711 [FXGL Background Thread 3 ] DEBUG Engine               - isScaleAffectedOnResize: true
01:52:05.711 [FXGL Background Thread 3 ] DEBUG Engine               - isSingleStep: false
01:52:05.711 [FXGL Background Thread 3 ] DEBUG Engine               - isUserProfileEnabled: false
01:52:05.711 [FXGL Background Thread 3 ] DEBUG Engine               - isWindows: true
01:52:05.711 [FXGL Background Thread 3 ] DEBUG Engine               - language: ObjectProperty [value: ENGLISH]
01:52:05.711 [FXGL Background Thread 3 ] DEBUG Engine               - menuKey: ESCAPE
01:52:05.711 [FXGL Background Thread 3 ] DEBUG Engine               - mouseSensitivity: 0.2
01:52:05.711 [FXGL Background Thread 3 ] DEBUG Engine               - notificationViewClass: class com.almasb.fxgl.notification.view.XboxNotificationView
01:52:05.711 [FXGL Background Thread 3 ] DEBUG Engine               - pixelsPerMeter: 50.0
01:52:05.711 [FXGL Background Thread 3 ] DEBUG Engine               - platform: WINDOWS
01:52:05.711 [FXGL Background Thread 3 ] DEBUG Engine               - prefHeightProperty: ReadOnlyDoubleProperty [value: 720.0]
01:52:05.711 [FXGL Background Thread 3 ] DEBUG Engine               - prefWidthProperty: ReadOnlyDoubleProperty [value: 1280.0]
01:52:05.712 [FXGL Background Thread 3 ] DEBUG Engine               - profileDir: profiles/
01:52:05.712 [FXGL Background Thread 3 ] DEBUG Engine               - profileName: StringProperty [value: DEFAULT]
01:52:05.712 [FXGL Background Thread 3 ] DEBUG Engine               - randomSeed: -1
01:52:05.712 [FXGL Background Thread 3 ] DEBUG Engine               - runtimeInfo: RuntimeInfo(platform=WINDOWS, version=11.17, build=16.07.2021 15.46)
01:52:05.712 [FXGL Background Thread 3 ] DEBUG Engine               - saveFileExt: sav
01:52:05.712 [FXGL Background Thread 3 ] DEBUG Engine               - scaledHeightProp$fxgl: DoubleProperty [bound, value: 864.0]
01:52:05.712 [FXGL Background Thread 3 ] DEBUG Engine               - scaledWidthProp$fxgl: DoubleProperty [bound, value: 1536.0]
01:52:05.712 [FXGL Background Thread 3 ] DEBUG Engine               - sceneFactory: Bomberman.GameApp$1@7df5f2a3
01:52:05.712 [FXGL Background Thread 3 ] DEBUG Engine               - secondsIn24h: 60
01:52:05.712 [FXGL Background Thread 3 ] DEBUG Engine               - soundMenuBack: menu/back.wav
01:52:05.712 [FXGL Background Thread 3 ] DEBUG Engine               - soundMenuPress: menu/press.wav
01:52:05.712 [FXGL Background Thread 3 ] DEBUG Engine               - soundMenuSelect: menu/select.wav
01:52:05.712 [FXGL Background Thread 3 ] DEBUG Engine               - soundNotification: core/notification.wav
01:52:05.712 [FXGL Background Thread 3 ] DEBUG Engine               - stageStyle: DECORATED
01:52:05.712 [FXGL Background Thread 3 ] DEBUG Engine               - supportedLanguages: [ENGLISH, FRENCH, GERMAN, HUNGARIAN, RUSSIAN]
01:52:05.713 [FXGL Background Thread 3 ] DEBUG Engine               - ticksPerSecond: -1
01:52:05.713 [FXGL Background Thread 3 ] DEBUG Engine               - title: BOMBER
 MAN
01:52:05.713 [FXGL Background Thread 3 ] DEBUG Engine               - urlGithub: https://github.com/AlmasB/FXGL
01:52:05.713 [FXGL Background Thread 3 ] DEBUG Engine               - urlLeaderboard: http://fxgl-top.herokuapp.com/
01:52:05.713 [FXGL Background Thread 3 ] DEBUG Engine               - urlPOM: https://raw.githubusercontent.com/AlmasB/FXGL/release/README.md
01:52:05.713 [FXGL Background Thread 3 ] DEBUG Engine               - userAppClass: class Bomberman.GameApp
01:52:05.713 [FXGL Background Thread 3 ] DEBUG Engine               - version: 1.0
01:52:05.713 [FXGL Background Thread 3 ] DEBUG Engine               - versionCheckDays: 7
01:52:05.713 [FXGL Background Thread 3 ] DEBUG Engine               - width: 1280
01:52:05.713 [FXGL Background Thread 3 ] DEBUG Engine               - Logging services
01:52:05.713 [FXGL Background Thread 3 ] DEBUG Engine               - class com.almasb.fxgl.app.services.FXGLAssetLoaderService
01:52:05.713 [FXGL Background Thread 3 ] DEBUG Engine               - class com.almasb.fxgl.app.FXGLApplication$GameApplicationService
01:52:05.713 [FXGL Background Thread 3 ] DEBUG Engine               - class com.almasb.fxgl.app.services.FXGLDialogService
01:52:05.713 [FXGL Background Thread 3 ] DEBUG Engine               - class com.almasb.fxgl.app.services.IOTaskExecutorService
01:52:05.713 [FXGL Background Thread 3 ] DEBUG Engine               - class com.almasb.fxgl.io.FileSystemService
01:52:05.714 [FXGL Background Thread 3 ] DEBUG Engine               - class com.almasb.fxgl.localization.LocalizationService
01:52:05.714 [FXGL Background Thread 3 ] DEBUG Engine               - class com.almasb.fxgl.app.services.SystemBundleService
01:52:05.714 [FXGL Background Thread 3 ] DEBUG Engine               - class com.almasb.fxgl.profile.SaveLoadService
01:52:05.714 [FXGL Background Thread 3 ] DEBUG Engine               - class com.almasb.fxgl.ui.FXGLUIFactoryServiceProvider
01:52:05.714 [FXGL Background Thread 3 ] DEBUG Engine               - class com.almasb.fxgl.ui.FXGLDialogFactoryServiceProvider
01:52:05.714 [FXGL Background Thread 3 ] DEBUG Engine               - class com.almasb.fxgl.audio.AudioPlayer
01:52:05.714 [FXGL Background Thread 3 ] DEBUG Engine               - class com.almasb.fxgl.notification.impl.NotificationServiceProvider
01:52:05.714 [FXGL Background Thread 3 ] DEBUG Engine               - class com.almasb.fxgl.achievement.AchievementService
01:52:05.714 [FXGL Background Thread 3 ] DEBUG Engine               - class com.almasb.fxgl.cutscene.CutsceneService
01:52:05.714 [FXGL Background Thread 3 ] DEBUG Engine               - class com.almasb.fxgl.minigames.MiniGameService
01:52:05.714 [FXGL Background Thread 3 ] DEBUG Engine               - class com.almasb.fxgl.net.NetService
01:52:05.714 [FXGL Background Thread 3 ] DEBUG Engine               - class com.almasb.fxgl.app.services.UpdaterService
01:52:05.714 [FXGL Background Thread 3 ] DEBUG Engine               - class com.almasb.fxgl.dev.DevService
01:52:07.412 [JavaFX Application Thread] DEBUG PrimaryStageWindow   - Pop state: DialogSubScene
01:52:07.413 [JavaFX Application Thread] DEBUG Input                - Clearing active input actions
01:52:07.414 [JavaFX Application Thread] DEBUG GameApplicationServi - Removing overlay from DialogSubScene and adding to MainMenu
01:52:07.414 [JavaFX Application Thread] DEBUG PrimaryStageWindow   - MainMenu <- DialogSubScene
01:52:07.414 [JavaFX Application Thread] DEBUG FXGLApplication      - Exiting FXGL
01:52:07.414 [JavaFX Application Thread] DEBUG LoopRunner           - Stopping loop
01:52:07.414 [JavaFX Application Thread] DEBUG SystemBundleService  - Saving FXGL system data
01:52:07.416 [JavaFX Application Thread] DEBUG FileSystemAccess     - Writing to: C:\Users\thanh\OneDrive\Máy tính\2D Adventure\Bomberman-master\system\fxgl.bundle
01:52:07.422 [JavaFX Application Thread] DEBUG Async                - Shutting down background threads
01:52:07.422 [JavaFX Application Thread] DEBUG PrimaryStageWindow   - Closing main window
01:52:07.442 [JavaFX Application Thread] DEBUG Logger               - Closing Logger
