02:31:02.311 [main                     ] DEBUG Logger               - Configured Logger
02:31:02.329 [main                     ] DEBUG GameApplication      - Logging settings
Title: BOMBER
 MAN
Version: 1.0
Width: 1280
Height: 720
Fullscreen: true
Intro: false
Profiling: false
Single step:false
App Mode: DEVELOPER
Menu Key: ESCAPE
Stage Style: DECORATED
Scene Factory: class Bomberman.GameApp$1

02:31:03.739 [JavaFX Application Thread] DEBUG FXGLApplication      - Initializing FXGL
02:31:03.740 [JavaFX Application Thread] INFO  Engine               - FXGL-11.17 (16.07.2021 15.46) on WINDOWS (J:17.0.4.1 FX:16)
02:31:03.741 [JavaFX Application Thread] DEBUG Engine               - JRE Vendor Name: Eclipse Adoptium
02:31:03.741 [JavaFX Application Thread] DEBUG Engine               - Running on OS: Windows 11 version 10.0
02:31:03.741 [JavaFX Application Thread] DEBUG Engine               - Architecture: amd64
02:31:03.741 [JavaFX Application Thread] INFO  Engine               - Source code and latest versions at: https://github.com/AlmasB/FXGL
02:31:03.742 [JavaFX Application Thread] INFO  Engine               -              Join the FXGL chat at: https://gitter.im/AlmasB/FXGL
02:31:03.919 [JavaFX Application Thread] DEBUG PrimaryStageWindow   - Creating a JavaFX scene
02:31:04.016 [JavaFX Application Thread] DEBUG PrimaryStageWindow   - Target settings size: 1280.0 x 720.0
02:31:04.017 [JavaFX Application Thread] DEBUG PrimaryStageWindow   - Scaled scene size:    1280.0 x 720.0
02:31:04.017 [JavaFX Application Thread] DEBUG PrimaryStageWindow   - Scaled ratio: (1.0, 1.0)
02:31:04.018 [JavaFX Application Thread] DEBUG PrimaryStageWindow   - Set initial scene to FXGLStartupScene
02:31:04.031 [JavaFX Application Thread] DEBUG PrimaryStageWindow   - Opening main window
02:31:04.192 [JavaFX Application Thread] DEBUG PrimaryStageWindow   - Window border size: (14.4000244140625, 37.5999755859375)
02:31:04.192 [JavaFX Application Thread] DEBUG PrimaryStageWindow   - Scaled size: 1280.0 x 720.0
02:31:04.192 [JavaFX Application Thread] DEBUG PrimaryStageWindow   - Scaled ratio: (1.0, 1.0)
02:31:04.192 [JavaFX Application Thread] DEBUG PrimaryStageWindow   - Scene size: 1280.0 x 720.0
02:31:04.192 [JavaFX Application Thread] DEBUG PrimaryStageWindow   - Stage size: 1294.4000244140625 x 757.5999755859375
02:31:04.352 [JavaFX Application Thread] DEBUG PrimaryStageWindow   - Going fullscreen
02:31:04.383 [FXGL Background Thread 1 ] DEBUG Engine               - Initializing environment variables
02:31:04.523 [FXGL Background Thread 1 ] DEBUG FXGLAssetLoaderServi - User app class for loading assets: class Bomberman.GameApp
02:31:04.523 [FXGL Background Thread 1 ] DEBUG GameApplicationServi - Applying CSS: fxgl_dark.css
02:31:04.524 [FXGL Background Thread 1 ] DEBUG FXGLAssetLoaderServi - Loading from file system: jar:file:/C:/Users/thanh/.m2/repository/com/github/almasb/fxgl/11.17/fxgl-11.17.jar!/fxglassets/ui/css/fxgl_dark.css
02:31:04.571 [FXGL Background Thread 1 ] DEBUG GameApplicationServi - Initializing application scenes
02:31:04.677 [FXGL Background Thread 1 ] DEBUG GameWorld            - Game world initialized
02:31:04.739 [FXGL Background Thread 1 ] DEBUG PhysicsWorld         - Physics world initialized: appHeight=720, physics.ppm=50.0
02:31:04.739 [FXGL Background Thread 1 ] DEBUG PhysicsWorld         - Using strategy: BRUTE_FORCE
02:31:04.742 [FXGL Background Thread 1 ] DEBUG GameScene            - Game scene initialized: 1280x720
02:31:04.885 [FXGL Background Thread 1 ] DEBUG GameApplicationServi - Application scenes initialized
02:31:04.898 [FXGL Background Thread 1 ] DEBUG SystemBundleService  - Loading FXGL system data
02:31:04.903 [FXGL Background Thread 1 ] DEBUG FileSystemAccess     - Reading from: D:\workspace\bomman\system\fxgl.bundle
02:31:04.912 [FXGL Background Thread 1 ] DEBUG SystemBundleService  - Bundle FXGL: {}
02:31:04.912 [FXGL Background Thread 1 ] DEBUG UpdaterService       - Checking for updates
02:31:04.922 [FXGL Background Thread 1 ] DEBUG FXGLApplication      - Loading default localization
02:31:04.923 [FXGL Background Thread 1 ] DEBUG FXGLAssetLoaderServi - Loading from file system: jar:file:/C:/Users/thanh/.m2/repository/com/github/almasb/fxgl/11.17/fxgl-11.17.jar!/fxglassets/languages/english.lang
02:31:04.923 [FXGL Background Thread 4 ] DEBUG FXGLApplication      - Loading fonts
02:31:04.924 [FXGL Background Thread 4 ] DEBUG FXGLAssetLoaderServi - Loading from file system: file:/D:/workspace/bomman/target/classes/assets/ui/fonts/game_font.ttf
02:31:04.963 [FXGL Background Thread 1 ] INFO  FXGLApplication      - FXGL initialization took: 0.580 sec
02:31:04.975 [JavaFX Application Thread] DEBUG Input                - Registered new binding: Move Up - W
02:31:04.975 [JavaFX Application Thread] DEBUG Input                - Registered new binding: Move Down - S
02:31:04.975 [JavaFX Application Thread] DEBUG Input                - Registered new binding: Move Left - A
02:31:04.975 [JavaFX Application Thread] DEBUG Input                - Registered new binding: Move Right - D
02:31:04.975 [JavaFX Application Thread] DEBUG Input                - Registered new binding: Place Bomb - Space
02:31:04.976 [JavaFX Application Thread] DEBUG FXGLAssetLoaderServi - Loading from file system: file:/D:/workspace/bomman/target/classes/assets/music/stage_theme.mp3
02:31:05.058 [FXGL Background Thread 4 ] DEBUG FXGLAssetLoaderServi - Loading from file system: jar:file:/C:/Users/thanh/.m2/repository/com/github/almasb/fxgl/11.17/fxgl-11.17.jar!/fxglassets/ui/fonts/Abel-Regular.ttf
02:31:05.071 [FXGL Background Thread 4 ] DEBUG FXGLAssetLoaderServi - Loading from file system: jar:file:/C:/Users/thanh/.m2/repository/com/github/almasb/fxgl/11.17/fxgl-11.17.jar!/fxglassets/ui/fonts/lucida_console.ttf
02:31:05.115 [FXGL Background Thread 4 ] DEBUG FXGLAssetLoaderServi - Loading from file system: jar:file:/C:/Users/thanh/.m2/repository/com/github/almasb/fxgl/11.17/fxgl-11.17.jar!/fxglassets/ui/fonts/Courier-Prime.ttf
02:31:05.264 [JavaFX Application Thread] DEBUG AudioPlayer          - Playing music com.almasb.fxgl.audio.Music@aefda18
02:31:05.265 [JavaFX Application Thread] DEBUG FXGLAssetLoaderServi - Loading from file system: jar:file:/C:/Users/thanh/.m2/repository/com/github/almasb/fxgl/11.17/fxgl-11.17.jar!/fxglassets/textures/fxgl_icon.png
02:31:05.289 [JavaFX Application Thread] DEBUG FXGLAssetLoaderServi - Loading from file system: jar:file:/C:/Users/thanh/.m2/repository/com/github/almasb/fxgl/11.17/fxgl-11.17.jar!/fxglassets/textures/fxgl_default_cursor.png
02:31:05.291 [JavaFX Application Thread] DEBUG Input                - Registered new binding: Screenshot - CTRL+8
02:31:05.291 [JavaFX Application Thread] DEBUG Input                - Registered new binding: System info dump - CTRL+9
02:31:05.297 [JavaFX Application Thread] DEBUG Input                - Registered new binding: Restart - CTRL+R
02:31:05.298 [JavaFX Application Thread] DEBUG Input                - Registered new binding: Toggle Debug Camera - CTRL+C
02:31:05.303 [JavaFX Application Thread] DEBUG LoopRunner           - Starting loop
02:31:05.303 [JavaFX Application Thread] DEBUG LoopRunner           - Initializing JavaFX AnimationTimerLoop
02:31:05.320 [JavaFX Application Thread] DEBUG Input                - Clearing active input actions
02:31:05.327 [JavaFX Application Thread] DEBUG GameApplicationServi - Removing overlay from FXGLStartupScene and adding to FXGLMainMenuDummyScene
02:31:05.327 [JavaFX Application Thread] DEBUG PrimaryStageWindow   - FXGLStartupScene -> FXGLMainMenuDummyScene
02:31:05.328 [JavaFX Application Thread] DEBUG PrimaryStageWindow   - Push state: MainMenu
02:31:05.328 [JavaFX Application Thread] DEBUG Input                - Clearing active input actions
02:31:05.332 [JavaFX Application Thread] DEBUG GameApplicationServi - Removing overlay from FXGLMainMenuDummyScene and adding to MainMenu
02:31:05.333 [JavaFX Application Thread] DEBUG PrimaryStageWindow   - FXGLMainMenuDummyScene -> MainMenu
02:31:05.341 [JavaFX Application Thread] DEBUG FXGLApplication      - Registering font factories with UI factory
02:31:05.842 [FXGL Background Thread 2 ] INFO  UpdaterService       - Your current version:  11.17
02:31:05.843 [FXGL Background Thread 2 ] INFO  UpdaterService       - Latest stable version: 17.2
02:31:06.757 [JavaFX Application Thread] DEBUG Menu                 - fireExit()
02:31:06.768 [JavaFX Application Thread] DEBUG PrimaryStageWindow   - Push state: DialogSubScene
02:31:06.768 [JavaFX Application Thread] DEBUG Input                - Clearing active input actions
02:31:06.773 [JavaFX Application Thread] DEBUG GameApplicationServi - Removing overlay from MainMenu and adding to DialogSubScene
02:31:06.773 [JavaFX Application Thread] DEBUG PrimaryStageWindow   - MainMenu -> DialogSubScene
02:31:07.920 [FXGL Background Thread 3 ] DEBUG Engine               - Logging environment variables
02:31:07.920 [FXGL Background Thread 3 ] DEBUG Engine               - achievements: []
02:31:07.920 [FXGL Background Thread 3 ] DEBUG Engine               - actualHeight: 864.0
02:31:07.920 [FXGL Background Thread 3 ] DEBUG Engine               - actualHeightProperty: ReadOnlyDoubleProperty [value: 864.0]
02:31:07.920 [FXGL Background Thread 3 ] DEBUG Engine               - actualWidth: 1536.0
02:31:07.920 [FXGL Background Thread 3 ] DEBUG Engine               - actualWidthProperty: ReadOnlyDoubleProperty [value: 1536.0]
02:31:07.921 [FXGL Background Thread 3 ] DEBUG Engine               - appIcon: fxgl_icon.png
02:31:07.921 [FXGL Background Thread 3 ] DEBUG Engine               - applicationMode: DEVELOPER
02:31:07.921 [FXGL Background Thread 3 ] DEBUG Engine               - cSSList: [fxgl_dark.css]
02:31:07.921 [FXGL Background Thread 3 ] DEBUG Engine               - collisionDetectionStrategy: BRUTE_FORCE
02:31:07.921 [FXGL Background Thread 3 ] DEBUG Engine               - configClass: Optional.empty
02:31:07.921 [FXGL Background Thread 3 ] DEBUG Engine               - credits: []
02:31:07.921 [FXGL Background Thread 3 ] DEBUG Engine               - defaultCursor: CursorInfo(imageName=fxgl_default_cursor.png, hotspotX=7.0, hotspotY=6.0)
02:31:07.921 [FXGL Background Thread 3 ] DEBUG Engine               - devBBoxColorProperty: ObjectProperty [value: 0xff0000ff]
02:31:07.921 [FXGL Background Thread 3 ] DEBUG Engine               - devEnableDebugCameraProperty: BooleanProperty [value: false]
02:31:07.921 [FXGL Background Thread 3 ] DEBUG Engine               - devSensorColorProperty: ObjectProperty [value: 0xffff00ff]
02:31:07.921 [FXGL Background Thread 3 ] DEBUG Engine               - devShowBBoxProperty: BooleanProperty [value: false]
02:31:07.921 [FXGL Background Thread 3 ] DEBUG Engine               - devShowPositionProperty: BooleanProperty [value: false]
02:31:07.922 [FXGL Background Thread 3 ] DEBUG Engine               - enabledMenuItems: []
02:31:07.922 [FXGL Background Thread 3 ] DEBUG Engine               - engineServices: [class com.almasb.fxgl.app.services.FXGLAssetLoaderService, class com.almasb.fxgl.app.FXGLApplication$GameApplicationService, class com.almasb.fxgl.app.services.FXGLDialogService, class com.almasb.fxgl.app.services.IOTaskExecutorService, class com.almasb.fxgl.io.FileSystemService, class com.almasb.fxgl.localization.LocalizationService, class com.almasb.fxgl.app.services.SystemBundleService, class com.almasb.fxgl.profile.SaveLoadService, class com.almasb.fxgl.ui.FXGLUIFactoryServiceProvider, class com.almasb.fxgl.ui.FXGLDialogFactoryServiceProvider, class com.almasb.fxgl.audio.AudioPlayer, class com.almasb.fxgl.notification.impl.NotificationServiceProvider, class com.almasb.fxgl.achievement.AchievementService, class com.almasb.fxgl.cutscene.CutsceneService, class com.almasb.fxgl.minigames.MiniGameService, class com.almasb.fxgl.net.NetService, class com.almasb.fxgl.app.services.UpdaterService, class com.almasb.fxgl.dev.DevService]
02:31:07.922 [FXGL Background Thread 3 ] DEBUG Engine               - fontGame: Abel-Regular.ttf
02:31:07.922 [FXGL Background Thread 3 ] DEBUG Engine               - fontMono: lucida_console.ttf
02:31:07.922 [FXGL Background Thread 3 ] DEBUG Engine               - fontText: Courier-Prime.ttf
02:31:07.922 [FXGL Background Thread 3 ] DEBUG Engine               - fontUI: game_font.ttf
02:31:07.922 [FXGL Background Thread 3 ] DEBUG Engine               - fullScreen: BooleanProperty [value: true]
02:31:07.922 [FXGL Background Thread 3 ] DEBUG Engine               - gameDifficulty: MEDIUM
02:31:07.922 [FXGL Background Thread 3 ] DEBUG Engine               - gameDifficultyProperty: ObjectProperty [value: MEDIUM]
02:31:07.922 [FXGL Background Thread 3 ] DEBUG Engine               - globalMusicVolume: 0.5
02:31:07.922 [FXGL Background Thread 3 ] DEBUG Engine               - globalMusicVolumeProperty: DoubleProperty [value: 0.5]
02:31:07.922 [FXGL Background Thread 3 ] DEBUG Engine               - globalSoundVolume: 0.5
02:31:07.922 [FXGL Background Thread 3 ] DEBUG Engine               - globalSoundVolumeProperty: DoubleProperty [value: 0.5]
02:31:07.922 [FXGL Background Thread 3 ] DEBUG Engine               - height: 720
02:31:07.922 [FXGL Background Thread 3 ] DEBUG Engine               - is3D: false
02:31:07.922 [FXGL Background Thread 3 ] DEBUG Engine               - isAndroid: false
02:31:07.923 [FXGL Background Thread 3 ] DEBUG Engine               - isBrowser: false
02:31:07.923 [FXGL Background Thread 3 ] DEBUG Engine               - isClickFeedbackEnabled: false
02:31:07.923 [FXGL Background Thread 3 ] DEBUG Engine               - isCloseConfirmation: false
02:31:07.923 [FXGL Background Thread 3 ] DEBUG Engine               - isDesktop: true
02:31:07.923 [FXGL Background Thread 3 ] DEBUG Engine               - isDeveloperMenuEnabled: false
02:31:07.923 [FXGL Background Thread 3 ] DEBUG Engine               - isEntityPreloadEnabled: true
02:31:07.923 [FXGL Background Thread 3 ] DEBUG Engine               - isExperimentalTiledLargeMap: false
02:31:07.923 [FXGL Background Thread 3 ] DEBUG Engine               - isFileSystemWriteAllowed: true
02:31:07.923 [FXGL Background Thread 3 ] DEBUG Engine               - isFullScreenAllowed: true
02:31:07.923 [FXGL Background Thread 3 ] DEBUG Engine               - isFullScreenFromStart: true
02:31:07.923 [FXGL Background Thread 3 ] DEBUG Engine               - isGameMenuEnabled: true
02:31:07.923 [FXGL Background Thread 3 ] DEBUG Engine               - isIOS: false
02:31:07.923 [FXGL Background Thread 3 ] DEBUG Engine               - isIntroEnabled: false
02:31:07.923 [FXGL Background Thread 3 ] DEBUG Engine               - isLinux: false
02:31:07.923 [FXGL Background Thread 3 ] DEBUG Engine               - isMac: false
02:31:07.923 [FXGL Background Thread 3 ] DEBUG Engine               - isMainMenuEnabled: true
02:31:07.923 [FXGL Background Thread 3 ] DEBUG Engine               - isManualResizeEnabled: false
02:31:07.923 [FXGL Background Thread 3 ] DEBUG Engine               - isMobile: false
02:31:07.923 [FXGL Background Thread 3 ] DEBUG Engine               - isNative: false
02:31:07.924 [FXGL Background Thread 3 ] DEBUG Engine               - isPauseMusicWhenMinimized: true
02:31:07.924 [FXGL Background Thread 3 ] DEBUG Engine               - isPreserveResizeRatio: false
02:31:07.924 [FXGL Background Thread 3 ] DEBUG Engine               - isProfilingEnabled: false
02:31:07.924 [FXGL Background Thread 3 ] DEBUG Engine               - isScaleAffectedOnResize: true
02:31:07.924 [FXGL Background Thread 3 ] DEBUG Engine               - isSingleStep: false
02:31:07.924 [FXGL Background Thread 3 ] DEBUG Engine               - isUserProfileEnabled: false
02:31:07.924 [FXGL Background Thread 3 ] DEBUG Engine               - isWindows: true
02:31:07.924 [FXGL Background Thread 3 ] DEBUG Engine               - language: ObjectProperty [value: ENGLISH]
02:31:07.924 [FXGL Background Thread 3 ] DEBUG Engine               - menuKey: ESCAPE
02:31:07.924 [FXGL Background Thread 3 ] DEBUG Engine               - mouseSensitivity: 0.2
02:31:07.925 [FXGL Background Thread 3 ] DEBUG Engine               - notificationViewClass: class com.almasb.fxgl.notification.view.XboxNotificationView
02:31:07.925 [FXGL Background Thread 3 ] DEBUG Engine               - pixelsPerMeter: 50.0
02:31:07.925 [FXGL Background Thread 3 ] DEBUG Engine               - platform: WINDOWS
02:31:07.925 [FXGL Background Thread 3 ] DEBUG Engine               - prefHeightProperty: ReadOnlyDoubleProperty [value: 720.0]
02:31:07.925 [FXGL Background Thread 3 ] DEBUG Engine               - prefWidthProperty: ReadOnlyDoubleProperty [value: 1280.0]
02:31:07.925 [FXGL Background Thread 3 ] DEBUG Engine               - profileDir: profiles/
02:31:07.925 [FXGL Background Thread 3 ] DEBUG Engine               - profileName: StringProperty [value: DEFAULT]
02:31:07.925 [FXGL Background Thread 3 ] DEBUG Engine               - randomSeed: -1
02:31:07.925 [FXGL Background Thread 3 ] DEBUG Engine               - runtimeInfo: RuntimeInfo(platform=WINDOWS, version=11.17, build=16.07.2021 15.46)
02:31:07.925 [FXGL Background Thread 3 ] DEBUG Engine               - saveFileExt: sav
02:31:07.925 [FXGL Background Thread 3 ] DEBUG Engine               - scaledHeightProp$fxgl: DoubleProperty [bound, value: 864.0]
02:31:07.925 [FXGL Background Thread 3 ] DEBUG Engine               - scaledWidthProp$fxgl: DoubleProperty [bound, value: 1536.0]
02:31:07.926 [FXGL Background Thread 3 ] DEBUG Engine               - sceneFactory: Bomberman.GameApp$1@3c2ee8ad
02:31:07.926 [FXGL Background Thread 3 ] DEBUG Engine               - secondsIn24h: 60
02:31:07.926 [FXGL Background Thread 3 ] DEBUG Engine               - soundMenuBack: menu/back.wav
02:31:07.926 [FXGL Background Thread 3 ] DEBUG Engine               - soundMenuPress: menu/press.wav
02:31:07.926 [FXGL Background Thread 3 ] DEBUG Engine               - soundMenuSelect: menu/select.wav
02:31:07.926 [FXGL Background Thread 3 ] DEBUG Engine               - soundNotification: core/notification.wav
02:31:07.926 [FXGL Background Thread 3 ] DEBUG Engine               - stageStyle: DECORATED
02:31:07.926 [FXGL Background Thread 3 ] DEBUG Engine               - supportedLanguages: [ENGLISH, FRENCH, GERMAN, HUNGARIAN, RUSSIAN]
02:31:07.926 [FXGL Background Thread 3 ] DEBUG Engine               - ticksPerSecond: -1
02:31:07.926 [FXGL Background Thread 3 ] DEBUG Engine               - title: BOMBER
 MAN
02:31:07.926 [FXGL Background Thread 3 ] DEBUG Engine               - urlGithub: https://github.com/AlmasB/FXGL
02:31:07.926 [FXGL Background Thread 3 ] DEBUG Engine               - urlLeaderboard: http://fxgl-top.herokuapp.com/
02:31:07.927 [FXGL Background Thread 3 ] DEBUG Engine               - urlPOM: https://raw.githubusercontent.com/AlmasB/FXGL/release/README.md
02:31:07.927 [FXGL Background Thread 3 ] DEBUG Engine               - userAppClass: class Bomberman.GameApp
02:31:07.927 [FXGL Background Thread 3 ] DEBUG Engine               - version: 1.0
02:31:07.927 [FXGL Background Thread 3 ] DEBUG Engine               - versionCheckDays: 7
02:31:07.927 [FXGL Background Thread 3 ] DEBUG Engine               - width: 1280
02:31:07.927 [FXGL Background Thread 3 ] DEBUG Engine               - Logging services
02:31:07.927 [FXGL Background Thread 3 ] DEBUG Engine               - class com.almasb.fxgl.app.services.FXGLAssetLoaderService
02:31:07.927 [FXGL Background Thread 3 ] DEBUG Engine               - class com.almasb.fxgl.app.FXGLApplication$GameApplicationService
02:31:07.927 [FXGL Background Thread 3 ] DEBUG Engine               - class com.almasb.fxgl.app.services.FXGLDialogService
02:31:07.927 [FXGL Background Thread 3 ] DEBUG Engine               - class com.almasb.fxgl.app.services.IOTaskExecutorService
02:31:07.927 [FXGL Background Thread 3 ] DEBUG Engine               - class com.almasb.fxgl.io.FileSystemService
02:31:07.927 [FXGL Background Thread 3 ] DEBUG Engine               - class com.almasb.fxgl.localization.LocalizationService
02:31:07.927 [FXGL Background Thread 3 ] DEBUG Engine               - class com.almasb.fxgl.app.services.SystemBundleService
02:31:07.927 [FXGL Background Thread 3 ] DEBUG Engine               - class com.almasb.fxgl.profile.SaveLoadService
02:31:07.927 [FXGL Background Thread 3 ] DEBUG Engine               - class com.almasb.fxgl.ui.FXGLUIFactoryServiceProvider
02:31:07.927 [FXGL Background Thread 3 ] DEBUG Engine               - class com.almasb.fxgl.ui.FXGLDialogFactoryServiceProvider
02:31:07.927 [FXGL Background Thread 3 ] DEBUG Engine               - class com.almasb.fxgl.audio.AudioPlayer
02:31:07.927 [FXGL Background Thread 3 ] DEBUG Engine               - class com.almasb.fxgl.notification.impl.NotificationServiceProvider
02:31:07.927 [FXGL Background Thread 3 ] DEBUG Engine               - class com.almasb.fxgl.achievement.AchievementService
02:31:07.927 [FXGL Background Thread 3 ] DEBUG Engine               - class com.almasb.fxgl.cutscene.CutsceneService
02:31:07.928 [FXGL Background Thread 3 ] DEBUG Engine               - class com.almasb.fxgl.minigames.MiniGameService
02:31:07.928 [FXGL Background Thread 3 ] DEBUG Engine               - class com.almasb.fxgl.net.NetService
02:31:07.928 [FXGL Background Thread 3 ] DEBUG Engine               - class com.almasb.fxgl.app.services.UpdaterService
02:31:07.928 [FXGL Background Thread 3 ] DEBUG Engine               - class com.almasb.fxgl.dev.DevService
02:31:08.278 [JavaFX Application Thread] DEBUG PrimaryStageWindow   - Pop state: DialogSubScene
02:31:08.278 [JavaFX Application Thread] DEBUG Input                - Clearing active input actions
02:31:08.278 [JavaFX Application Thread] DEBUG GameApplicationServi - Removing overlay from DialogSubScene and adding to MainMenu
02:31:08.279 [JavaFX Application Thread] DEBUG PrimaryStageWindow   - MainMenu <- DialogSubScene
02:31:08.967 [JavaFX Application Thread] DEBUG Menu                 - fireExit()
02:31:08.968 [JavaFX Application Thread] DEBUG PrimaryStageWindow   - Push state: DialogSubScene
02:31:08.968 [JavaFX Application Thread] DEBUG Input                - Clearing active input actions
02:31:08.969 [JavaFX Application Thread] DEBUG GameApplicationServi - Removing overlay from MainMenu and adding to DialogSubScene
02:31:08.969 [JavaFX Application Thread] DEBUG PrimaryStageWindow   - MainMenu -> DialogSubScene
02:31:09.533 [JavaFX Application Thread] DEBUG PrimaryStageWindow   - Pop state: DialogSubScene
02:31:09.533 [JavaFX Application Thread] DEBUG Input                - Clearing active input actions
02:31:09.534 [JavaFX Application Thread] DEBUG GameApplicationServi - Removing overlay from DialogSubScene and adding to MainMenu
02:31:09.534 [JavaFX Application Thread] DEBUG PrimaryStageWindow   - MainMenu <- DialogSubScene
02:31:09.534 [JavaFX Application Thread] DEBUG FXGLApplication      - Exiting FXGL
02:31:09.534 [JavaFX Application Thread] DEBUG LoopRunner           - Stopping loop
02:31:09.534 [JavaFX Application Thread] DEBUG SystemBundleService  - Saving FXGL system data
02:31:09.536 [JavaFX Application Thread] DEBUG FileSystemAccess     - Writing to: D:\workspace\bomman\system\fxgl.bundle
02:31:09.538 [JavaFX Application Thread] DEBUG Async                - Shutting down background threads
02:31:09.538 [JavaFX Application Thread] DEBUG PrimaryStageWindow   - Closing main window
02:31:09.569 [JavaFX Application Thread] DEBUG Logger               - Closing Logger
