01:52:49.790 [main                     ] DEBUG Logger               - Configured Logger
01:52:49.795 [main                     ] DEBUG GameApplication      - Logging settings
Title: BOMBER
 MAN
Version: 1.0
Width: 1280
Height: 720
Fullscreen: true
Intro: false
Profiling: false
Single step:false
App Mode: DEVELOPER
Menu Key: ESCAPE
Stage Style: DECORATED
Scene Factory: class Bomberman.GameApp$1

01:52:50.417 [JavaFX Application Thread] DEBUG FXGLApplication      - Initializing FXGL
01:52:50.419 [JavaFX Application Thread] INFO  Engine               - FXGL-11.17 (16.07.2021 15.46) on WINDOWS (J:17.0.4.1 FX:16)
01:52:50.420 [JavaFX Application Thread] DEBUG Engine               - JRE Vendor Name: Oracle Corporation
01:52:50.420 [JavaFX Application Thread] DEBUG Engine               - Running on OS: Windows 11 version 10.0
01:52:50.420 [JavaFX Application Thread] DEBUG Engine               - Architecture: amd64
01:52:50.420 [JavaFX Application Thread] INFO  Engine               - Source code and latest versions at: https://github.com/AlmasB/FXGL
01:52:50.421 [JavaFX Application Thread] INFO  Engine               -              Join the FXGL chat at: https://gitter.im/AlmasB/FXGL
01:52:50.553 [JavaFX Application Thread] DEBUG PrimaryStageWindow   - Creating a JavaFX scene
01:52:50.604 [JavaFX Application Thread] DEBUG PrimaryStageWindow   - Target settings size: 1280.0 x 720.0
01:52:50.605 [JavaFX Application Thread] DEBUG PrimaryStageWindow   - Scaled scene size:    1280.0 x 720.0
01:52:50.605 [JavaFX Application Thread] DEBUG PrimaryStageWindow   - Scaled ratio: (1.0, 1.0)
01:52:50.606 [JavaFX Application Thread] DEBUG PrimaryStageWindow   - Set initial scene to FXGLStartupScene
01:52:50.616 [JavaFX Application Thread] DEBUG PrimaryStageWindow   - Opening main window
01:52:50.711 [JavaFX Application Thread] DEBUG PrimaryStageWindow   - Window border size: (14.4000244140625, 37.5999755859375)
01:52:50.711 [JavaFX Application Thread] DEBUG PrimaryStageWindow   - Scaled size: 1280.0 x 720.0
01:52:50.712 [JavaFX Application Thread] DEBUG PrimaryStageWindow   - Scaled ratio: (1.0, 1.0)
01:52:50.712 [JavaFX Application Thread] DEBUG PrimaryStageWindow   - Scene size: 1280.0 x 720.0
01:52:50.712 [JavaFX Application Thread] DEBUG PrimaryStageWindow   - Stage size: 1294.4000244140625 x 757.5999755859375
01:52:50.826 [JavaFX Application Thread] DEBUG PrimaryStageWindow   - Going fullscreen
01:52:50.843 [FXGL Background Thread 1 ] DEBUG Engine               - Initializing environment variables
01:52:50.935 [FXGL Background Thread 1 ] DEBUG FXGLAssetLoaderServi - User app class for loading assets: class Bomberman.GameApp
01:52:50.935 [FXGL Background Thread 1 ] DEBUG GameApplicationServi - Applying CSS: fxgl_dark.css
01:52:50.936 [FXGL Background Thread 1 ] DEBUG FXGLAssetLoaderServi - Loading from file system: jar:file:/C:/Users/thanh/.m2/repository/com/github/almasb/fxgl/11.17/fxgl-11.17.jar!/fxglassets/ui/css/fxgl_dark.css
01:52:51.004 [FXGL Background Thread 1 ] DEBUG GameApplicationServi - Initializing application scenes
01:52:51.086 [FXGL Background Thread 1 ] DEBUG GameWorld            - Game world initialized
01:52:51.152 [FXGL Background Thread 1 ] DEBUG PhysicsWorld         - Physics world initialized: appHeight=720, physics.ppm=50.0
01:52:51.153 [FXGL Background Thread 1 ] DEBUG PhysicsWorld         - Using strategy: BRUTE_FORCE
01:52:51.156 [FXGL Background Thread 1 ] DEBUG GameScene            - Game scene initialized: 1280x720
01:52:51.275 [FXGL Background Thread 1 ] DEBUG GameApplicationServi - Application scenes initialized
01:52:51.289 [FXGL Background Thread 1 ] DEBUG SystemBundleService  - Loading FXGL system data
01:52:51.295 [FXGL Background Thread 1 ] DEBUG FileSystemAccess     - Reading from: C:\Users\thanh\OneDrive\Máy tính\2D Adventure\Bomberman-master\system\fxgl.bundle
01:52:51.302 [FXGL Background Thread 1 ] DEBUG SystemBundleService  - Bundle FXGL: {}
01:52:51.302 [FXGL Background Thread 1 ] DEBUG UpdaterService       - Checking for updates
01:52:51.310 [FXGL Background Thread 1 ] DEBUG FXGLApplication      - Loading default localization
01:52:51.311 [FXGL Background Thread 1 ] DEBUG FXGLAssetLoaderServi - Loading from file system: jar:file:/C:/Users/thanh/.m2/repository/com/github/almasb/fxgl/11.17/fxgl-11.17.jar!/fxglassets/languages/english.lang
01:52:51.333 [FXGL Background Thread 1 ] INFO  FXGLApplication      - FXGL initialization took: 0.490 sec
01:52:51.333 [FXGL Background Thread 4 ] DEBUG FXGLApplication      - Loading fonts
01:52:51.334 [FXGL Background Thread 4 ] DEBUG FXGLAssetLoaderServi - Loading from file system: file:/C:/Users/thanh/OneDrive/M%c3%a1y%20t%c3%adnh/2D%20Adventure/Bomberman-master/target/classes/assets/ui/fonts/game_font.ttf
01:52:51.376 [JavaFX Application Thread] DEBUG Input                - Registered new binding: Move Up - W
01:52:51.376 [JavaFX Application Thread] DEBUG Input                - Registered new binding: Move Down - S
01:52:51.376 [JavaFX Application Thread] DEBUG Input                - Registered new binding: Move Left - A
01:52:51.376 [JavaFX Application Thread] DEBUG Input                - Registered new binding: Move Right - D
01:52:51.377 [JavaFX Application Thread] DEBUG Input                - Registered new binding: Place Bomb - Space
01:52:51.378 [JavaFX Application Thread] DEBUG FXGLAssetLoaderServi - Loading from file system: file:/C:/Users/thanh/OneDrive/M%c3%a1y%20t%c3%adnh/2D%20Adventure/Bomberman-master/target/classes/assets/music/stage_theme.mp3
01:52:51.399 [FXGL Background Thread 4 ] DEBUG FXGLAssetLoaderServi - Loading from file system: jar:file:/C:/Users/thanh/.m2/repository/com/github/almasb/fxgl/11.17/fxgl-11.17.jar!/fxglassets/ui/fonts/Abel-Regular.ttf
01:52:51.402 [FXGL Background Thread 4 ] DEBUG FXGLAssetLoaderServi - Loading from file system: jar:file:/C:/Users/thanh/.m2/repository/com/github/almasb/fxgl/11.17/fxgl-11.17.jar!/fxglassets/ui/fonts/lucida_console.ttf
01:52:51.408 [FXGL Background Thread 4 ] DEBUG FXGLAssetLoaderServi - Loading from file system: jar:file:/C:/Users/thanh/.m2/repository/com/github/almasb/fxgl/11.17/fxgl-11.17.jar!/fxglassets/ui/fonts/Courier-Prime.ttf
01:52:51.628 [JavaFX Application Thread] DEBUG AudioPlayer          - Playing music com.almasb.fxgl.audio.Music@12d26d76
01:52:51.629 [JavaFX Application Thread] DEBUG FXGLAssetLoaderServi - Loading from file system: jar:file:/C:/Users/thanh/.m2/repository/com/github/almasb/fxgl/11.17/fxgl-11.17.jar!/fxglassets/textures/fxgl_icon.png
01:52:51.652 [JavaFX Application Thread] DEBUG FXGLAssetLoaderServi - Loading from file system: jar:file:/C:/Users/thanh/.m2/repository/com/github/almasb/fxgl/11.17/fxgl-11.17.jar!/fxglassets/textures/fxgl_default_cursor.png
01:52:51.655 [JavaFX Application Thread] DEBUG Input                - Registered new binding: Screenshot - CTRL+8
01:52:51.656 [JavaFX Application Thread] DEBUG Input                - Registered new binding: System info dump - CTRL+9
01:52:51.656 [JavaFX Application Thread] DEBUG Input                - Registered new binding: Restart - CTRL+R
01:52:51.657 [JavaFX Application Thread] DEBUG Input                - Registered new binding: Toggle Debug Camera - CTRL+C
01:52:51.662 [JavaFX Application Thread] DEBUG LoopRunner           - Starting loop
01:52:51.662 [JavaFX Application Thread] DEBUG LoopRunner           - Initializing JavaFX AnimationTimerLoop
01:52:51.665 [JavaFX Application Thread] DEBUG Input                - Clearing active input actions
01:52:51.676 [JavaFX Application Thread] DEBUG GameApplicationServi - Removing overlay from FXGLStartupScene and adding to FXGLMainMenuDummyScene
01:52:51.677 [JavaFX Application Thread] DEBUG PrimaryStageWindow   - FXGLStartupScene -> FXGLMainMenuDummyScene
01:52:51.677 [JavaFX Application Thread] DEBUG PrimaryStageWindow   - Push state: MainMenu
01:52:51.677 [JavaFX Application Thread] DEBUG Input                - Clearing active input actions
01:52:51.692 [JavaFX Application Thread] DEBUG GameApplicationServi - Removing overlay from FXGLMainMenuDummyScene and adding to MainMenu
01:52:51.693 [JavaFX Application Thread] DEBUG PrimaryStageWindow   - FXGLMainMenuDummyScene -> MainMenu
01:52:51.711 [JavaFX Application Thread] DEBUG FXGLApplication      - Registering font factories with UI factory
01:52:51.995 [FXGL Background Thread 2 ] INFO  UpdaterService       - Your current version:  11.17
01:52:52.015 [FXGL Background Thread 2 ] INFO  UpdaterService       - Latest stable version: 17.2
01:52:53.298 [JavaFX Application Thread] DEBUG PrimaryStageWindow   - Push state: DialogSubScene
01:52:53.298 [JavaFX Application Thread] DEBUG Input                - Clearing active input actions
01:52:53.304 [JavaFX Application Thread] DEBUG GameApplicationServi - Removing overlay from MainMenu and adding to DialogSubScene
01:52:53.304 [JavaFX Application Thread] DEBUG PrimaryStageWindow   - MainMenu -> DialogSubScene
01:52:54.319 [FXGL Background Thread 3 ] DEBUG Engine               - Logging environment variables
01:52:54.319 [FXGL Background Thread 3 ] DEBUG Engine               - achievements: []
01:52:54.319 [FXGL Background Thread 3 ] DEBUG Engine               - actualHeight: 864.0
01:52:54.319 [FXGL Background Thread 3 ] DEBUG Engine               - actualHeightProperty: ReadOnlyDoubleProperty [value: 864.0]
01:52:54.319 [FXGL Background Thread 3 ] DEBUG Engine               - actualWidth: 1536.0
01:52:54.319 [FXGL Background Thread 3 ] DEBUG Engine               - actualWidthProperty: ReadOnlyDoubleProperty [value: 1536.0]
01:52:54.319 [FXGL Background Thread 3 ] DEBUG Engine               - appIcon: fxgl_icon.png
01:52:54.319 [FXGL Background Thread 3 ] DEBUG Engine               - applicationMode: DEVELOPER
01:52:54.320 [FXGL Background Thread 3 ] DEBUG Engine               - cSSList: [fxgl_dark.css]
01:52:54.320 [FXGL Background Thread 3 ] DEBUG Engine               - collisionDetectionStrategy: BRUTE_FORCE
01:52:54.320 [FXGL Background Thread 3 ] DEBUG Engine               - configClass: Optional.empty
01:52:54.320 [FXGL Background Thread 3 ] DEBUG Engine               - credits: []
01:52:54.320 [FXGL Background Thread 3 ] DEBUG Engine               - defaultCursor: CursorInfo(imageName=fxgl_default_cursor.png, hotspotX=7.0, hotspotY=6.0)
01:52:54.320 [FXGL Background Thread 3 ] DEBUG Engine               - devBBoxColorProperty: ObjectProperty [value: 0xff0000ff]
01:52:54.320 [FXGL Background Thread 3 ] DEBUG Engine               - devEnableDebugCameraProperty: BooleanProperty [value: false]
01:52:54.320 [FXGL Background Thread 3 ] DEBUG Engine               - devSensorColorProperty: ObjectProperty [value: 0xffff00ff]
01:52:54.320 [FXGL Background Thread 3 ] DEBUG Engine               - devShowBBoxProperty: BooleanProperty [value: false]
01:52:54.320 [FXGL Background Thread 3 ] DEBUG Engine               - devShowPositionProperty: BooleanProperty [value: false]
01:52:54.320 [FXGL Background Thread 3 ] DEBUG Engine               - enabledMenuItems: []
01:52:54.320 [FXGL Background Thread 3 ] DEBUG Engine               - engineServices: [class com.almasb.fxgl.app.services.FXGLAssetLoaderService, class com.almasb.fxgl.app.FXGLApplication$GameApplicationService, class com.almasb.fxgl.app.services.FXGLDialogService, class com.almasb.fxgl.app.services.IOTaskExecutorService, class com.almasb.fxgl.io.FileSystemService, class com.almasb.fxgl.localization.LocalizationService, class com.almasb.fxgl.app.services.SystemBundleService, class com.almasb.fxgl.profile.SaveLoadService, class com.almasb.fxgl.ui.FXGLUIFactoryServiceProvider, class com.almasb.fxgl.ui.FXGLDialogFactoryServiceProvider, class com.almasb.fxgl.audio.AudioPlayer, class com.almasb.fxgl.notification.impl.NotificationServiceProvider, class com.almasb.fxgl.achievement.AchievementService, class com.almasb.fxgl.cutscene.CutsceneService, class com.almasb.fxgl.minigames.MiniGameService, class com.almasb.fxgl.net.NetService, class com.almasb.fxgl.app.services.UpdaterService, class com.almasb.fxgl.dev.DevService]
01:52:54.321 [FXGL Background Thread 3 ] DEBUG Engine               - fontGame: Abel-Regular.ttf
01:52:54.321 [FXGL Background Thread 3 ] DEBUG Engine               - fontMono: lucida_console.ttf
01:52:54.321 [FXGL Background Thread 3 ] DEBUG Engine               - fontText: Courier-Prime.ttf
01:52:54.321 [FXGL Background Thread 3 ] DEBUG Engine               - fontUI: game_font.ttf
01:52:54.321 [FXGL Background Thread 3 ] DEBUG Engine               - fullScreen: BooleanProperty [value: true]
01:52:54.321 [FXGL Background Thread 3 ] DEBUG Engine               - gameDifficulty: MEDIUM
01:52:54.321 [FXGL Background Thread 3 ] DEBUG Engine               - gameDifficultyProperty: ObjectProperty [value: MEDIUM]
01:52:54.321 [FXGL Background Thread 3 ] DEBUG Engine               - globalMusicVolume: 0.5
01:52:54.321 [FXGL Background Thread 3 ] DEBUG Engine               - globalMusicVolumeProperty: DoubleProperty [value: 0.5]
01:52:54.321 [FXGL Background Thread 3 ] DEBUG Engine               - globalSoundVolume: 0.5
01:52:54.322 [FXGL Background Thread 3 ] DEBUG Engine               - globalSoundVolumeProperty: DoubleProperty [value: 0.5]
01:52:54.322 [FXGL Background Thread 3 ] DEBUG Engine               - height: 720
01:52:54.322 [FXGL Background Thread 3 ] DEBUG Engine               - is3D: false
01:52:54.322 [FXGL Background Thread 3 ] DEBUG Engine               - isAndroid: false
01:52:54.322 [FXGL Background Thread 3 ] DEBUG Engine               - isBrowser: false
01:52:54.322 [FXGL Background Thread 3 ] DEBUG Engine               - isClickFeedbackEnabled: false
01:52:54.322 [FXGL Background Thread 3 ] DEBUG Engine               - isCloseConfirmation: false
01:52:54.322 [FXGL Background Thread 3 ] DEBUG Engine               - isDesktop: true
01:52:54.322 [FXGL Background Thread 3 ] DEBUG Engine               - isDeveloperMenuEnabled: false
01:52:54.322 [FXGL Background Thread 3 ] DEBUG Engine               - isEntityPreloadEnabled: true
01:52:54.322 [FXGL Background Thread 3 ] DEBUG Engine               - isExperimentalTiledLargeMap: false
01:52:54.322 [FXGL Background Thread 3 ] DEBUG Engine               - isFileSystemWriteAllowed: true
01:52:54.322 [FXGL Background Thread 3 ] DEBUG Engine               - isFullScreenAllowed: true
01:52:54.322 [FXGL Background Thread 3 ] DEBUG Engine               - isFullScreenFromStart: true
01:52:54.322 [FXGL Background Thread 3 ] DEBUG Engine               - isGameMenuEnabled: true
01:52:54.322 [FXGL Background Thread 3 ] DEBUG Engine               - isIOS: false
01:52:54.322 [FXGL Background Thread 3 ] DEBUG Engine               - isIntroEnabled: false
01:52:54.323 [FXGL Background Thread 3 ] DEBUG Engine               - isLinux: false
01:52:54.323 [FXGL Background Thread 3 ] DEBUG Engine               - isMac: false
01:52:54.323 [FXGL Background Thread 3 ] DEBUG Engine               - isMainMenuEnabled: true
01:52:54.323 [FXGL Background Thread 3 ] DEBUG Engine               - isManualResizeEnabled: false
01:52:54.323 [FXGL Background Thread 3 ] DEBUG Engine               - isMobile: false
01:52:54.323 [FXGL Background Thread 3 ] DEBUG Engine               - isNative: false
01:52:54.323 [FXGL Background Thread 3 ] DEBUG Engine               - isPauseMusicWhenMinimized: true
01:52:54.323 [FXGL Background Thread 3 ] DEBUG Engine               - isPreserveResizeRatio: false
01:52:54.323 [FXGL Background Thread 3 ] DEBUG Engine               - isProfilingEnabled: false
01:52:54.323 [FXGL Background Thread 3 ] DEBUG Engine               - isScaleAffectedOnResize: true
01:52:54.323 [FXGL Background Thread 3 ] DEBUG Engine               - isSingleStep: false
01:52:54.323 [FXGL Background Thread 3 ] DEBUG Engine               - isUserProfileEnabled: false
01:52:54.323 [FXGL Background Thread 3 ] DEBUG Engine               - isWindows: true
01:52:54.323 [FXGL Background Thread 3 ] DEBUG Engine               - language: ObjectProperty [value: ENGLISH]
01:52:54.324 [FXGL Background Thread 3 ] DEBUG Engine               - menuKey: ESCAPE
01:52:54.324 [FXGL Background Thread 3 ] DEBUG Engine               - mouseSensitivity: 0.2
01:52:54.324 [FXGL Background Thread 3 ] DEBUG Engine               - notificationViewClass: class com.almasb.fxgl.notification.view.XboxNotificationView
01:52:54.324 [FXGL Background Thread 3 ] DEBUG Engine               - pixelsPerMeter: 50.0
01:52:54.324 [FXGL Background Thread 3 ] DEBUG Engine               - platform: WINDOWS
01:52:54.324 [FXGL Background Thread 3 ] DEBUG Engine               - prefHeightProperty: ReadOnlyDoubleProperty [value: 720.0]
01:52:54.324 [FXGL Background Thread 3 ] DEBUG Engine               - prefWidthProperty: ReadOnlyDoubleProperty [value: 1280.0]
01:52:54.324 [FXGL Background Thread 3 ] DEBUG Engine               - profileDir: profiles/
01:52:54.324 [FXGL Background Thread 3 ] DEBUG Engine               - profileName: StringProperty [value: DEFAULT]
01:52:54.324 [FXGL Background Thread 3 ] DEBUG Engine               - randomSeed: -1
01:52:54.324 [FXGL Background Thread 3 ] DEBUG Engine               - runtimeInfo: RuntimeInfo(platform=WINDOWS, version=11.17, build=16.07.2021 15.46)
01:52:54.324 [FXGL Background Thread 3 ] DEBUG Engine               - saveFileExt: sav
01:52:54.324 [FXGL Background Thread 3 ] DEBUG Engine               - scaledHeightProp$fxgl: DoubleProperty [bound, value: 864.0]
01:52:54.324 [FXGL Background Thread 3 ] DEBUG Engine               - scaledWidthProp$fxgl: DoubleProperty [bound, value: 1536.0]
01:52:54.324 [FXGL Background Thread 3 ] DEBUG Engine               - sceneFactory: Bomberman.GameApp$1@274952b5
01:52:54.324 [FXGL Background Thread 3 ] DEBUG Engine               - secondsIn24h: 60
01:52:54.325 [FXGL Background Thread 3 ] DEBUG Engine               - soundMenuBack: menu/back.wav
01:52:54.325 [FXGL Background Thread 3 ] DEBUG Engine               - soundMenuPress: menu/press.wav
01:52:54.325 [FXGL Background Thread 3 ] DEBUG Engine               - soundMenuSelect: menu/select.wav
01:52:54.325 [FXGL Background Thread 3 ] DEBUG Engine               - soundNotification: core/notification.wav
01:52:54.325 [FXGL Background Thread 3 ] DEBUG Engine               - stageStyle: DECORATED
01:52:54.325 [FXGL Background Thread 3 ] DEBUG Engine               - supportedLanguages: [ENGLISH, FRENCH, GERMAN, HUNGARIAN, RUSSIAN]
01:52:54.325 [FXGL Background Thread 3 ] DEBUG Engine               - ticksPerSecond: -1
01:52:54.325 [FXGL Background Thread 3 ] DEBUG Engine               - title: BOMBER
 MAN
01:52:54.325 [FXGL Background Thread 3 ] DEBUG Engine               - urlGithub: https://github.com/AlmasB/FXGL
01:52:54.325 [FXGL Background Thread 3 ] DEBUG Engine               - urlLeaderboard: http://fxgl-top.herokuapp.com/
01:52:54.325 [FXGL Background Thread 3 ] DEBUG Engine               - urlPOM: https://raw.githubusercontent.com/AlmasB/FXGL/release/README.md
01:52:54.325 [FXGL Background Thread 3 ] DEBUG Engine               - userAppClass: class Bomberman.GameApp
01:52:54.325 [FXGL Background Thread 3 ] DEBUG Engine               - version: 1.0
01:52:54.325 [FXGL Background Thread 3 ] DEBUG Engine               - versionCheckDays: 7
01:52:54.325 [FXGL Background Thread 3 ] DEBUG Engine               - width: 1280
01:52:54.325 [FXGL Background Thread 3 ] DEBUG Engine               - Logging services
01:52:54.325 [FXGL Background Thread 3 ] DEBUG Engine               - class com.almasb.fxgl.app.services.FXGLAssetLoaderService
01:52:54.326 [FXGL Background Thread 3 ] DEBUG Engine               - class com.almasb.fxgl.app.FXGLApplication$GameApplicationService
01:52:54.326 [FXGL Background Thread 3 ] DEBUG Engine               - class com.almasb.fxgl.app.services.FXGLDialogService
01:52:54.326 [FXGL Background Thread 3 ] DEBUG Engine               - class com.almasb.fxgl.app.services.IOTaskExecutorService
01:52:54.326 [FXGL Background Thread 3 ] DEBUG Engine               - class com.almasb.fxgl.io.FileSystemService
01:52:54.326 [FXGL Background Thread 3 ] DEBUG Engine               - class com.almasb.fxgl.localization.LocalizationService
01:52:54.326 [FXGL Background Thread 3 ] DEBUG Engine               - class com.almasb.fxgl.app.services.SystemBundleService
01:52:54.326 [FXGL Background Thread 3 ] DEBUG Engine               - class com.almasb.fxgl.profile.SaveLoadService
01:52:54.326 [FXGL Background Thread 3 ] DEBUG Engine               - class com.almasb.fxgl.ui.FXGLUIFactoryServiceProvider
01:52:54.326 [FXGL Background Thread 3 ] DEBUG Engine               - class com.almasb.fxgl.ui.FXGLDialogFactoryServiceProvider
01:52:54.326 [FXGL Background Thread 3 ] DEBUG Engine               - class com.almasb.fxgl.audio.AudioPlayer
01:52:54.326 [FXGL Background Thread 3 ] DEBUG Engine               - class com.almasb.fxgl.notification.impl.NotificationServiceProvider
01:52:54.326 [FXGL Background Thread 3 ] DEBUG Engine               - class com.almasb.fxgl.achievement.AchievementService
01:52:54.326 [FXGL Background Thread 3 ] DEBUG Engine               - class com.almasb.fxgl.cutscene.CutsceneService
01:52:54.326 [FXGL Background Thread 3 ] DEBUG Engine               - class com.almasb.fxgl.minigames.MiniGameService
01:52:54.326 [FXGL Background Thread 3 ] DEBUG Engine               - class com.almasb.fxgl.net.NetService
01:52:54.327 [FXGL Background Thread 3 ] DEBUG Engine               - class com.almasb.fxgl.app.services.UpdaterService
01:52:54.327 [FXGL Background Thread 3 ] DEBUG Engine               - class com.almasb.fxgl.dev.DevService
01:52:56.717 [JavaFX Application Thread] DEBUG PrimaryStageWindow   - Pop state: DialogSubScene
01:52:56.717 [JavaFX Application Thread] DEBUG Input                - Clearing active input actions
01:52:56.718 [JavaFX Application Thread] DEBUG GameApplicationServi - Removing overlay from DialogSubScene and adding to MainMenu
01:52:56.719 [JavaFX Application Thread] DEBUG PrimaryStageWindow   - MainMenu <- DialogSubScene
01:52:58.780 [JavaFX Application Thread] DEBUG Menu                 - fireNewGame()
01:52:58.781 [JavaFX Application Thread] DEBUG GameApplicationServi - Starting new game
01:52:58.781 [JavaFX Application Thread] DEBUG PrimaryStageWindow   - Pop state: MainMenu
01:52:58.781 [JavaFX Application Thread] DEBUG Input                - Clearing active input actions
01:52:58.781 [JavaFX Application Thread] DEBUG GameApplicationServi - Removing overlay from MainMenu and adding to FXGLMainMenuDummyScene
01:52:58.781 [JavaFX Application Thread] DEBUG PrimaryStageWindow   - FXGLMainMenuDummyScene <- MainMenu
01:52:58.782 [JavaFX Application Thread] DEBUG Input                - Clearing active input actions
01:52:58.787 [JavaFX Application Thread] DEBUG GameApplicationServi - Removing overlay from FXGLMainMenuDummyScene and adding to FXGLLoadingScene
01:52:58.788 [JavaFX Application Thread] DEBUG PrimaryStageWindow   - FXGLMainMenuDummyScene -> FXGLLoadingScene
01:52:58.788 [JavaFX Application Thread] DEBUG GameApplicationServi - Clearing previous game
01:52:58.788 [JavaFX Application Thread] DEBUG GameScene            - Clearing game scene
01:52:58.788 [JavaFX Application Thread] DEBUG GameWorld            - Clearing game world
01:52:58.788 [JavaFX Application Thread] DEBUG PhysicsWorld         - Clearing physics world
01:52:58.790 [FXGL Background Thread 2 ] DEBUG FXGLApplication      - Initializing game
01:52:58.835 [FXGL Background Thread 2 ] WARN  TMXLevelLoader       - TiledMap generated from 1.7.2. Supported version: 1.2.3. Some features may not be parsed fully.
01:52:58.861 [FXGL Background Thread 2 ] DEBUG TMXLevelLoader       - Parsed TiledMap: file:/C:/Users/thanh/OneDrive/M%c3%a1y%20t%c3%adnh/2D%20Adventure/Bomberman-master/target/classes/assets/levels/level1.tmx
01:52:58.864 [FXGL Background Thread 2 ] DEBUG TMXLevelLoader       - Creating tile layer entities
01:52:58.869 [FXGL Background Thread 2 ] DEBUG TilesetLoader        - Loading view for layer Tile Layer 1
01:52:58.875 [FXGL Background Thread 2 ] DEBUG TilesetLoader        - Created buffer with size 1488.0x720.0
01:52:58.907 [FXGL Background Thread 2 ] DEBUG TMXLevelLoader       - Creating object layer entities
01:52:58.943 [FXGL Background Thread 2 ] DEBUG FXGLAssetLoaderServi - Loading from file system: file:/C:/Users/thanh/OneDrive/M%c3%a1y%20t%c3%adnh/2D%20Adventure/Bomberman-master/target/classes/assets/textures/player_die.png
01:52:58.947 [FXGL Background Thread 2 ] DEBUG FXGLAssetLoaderServi - Loading from file system: file:/C:/Users/thanh/OneDrive/M%c3%a1y%20t%c3%adnh/2D%20Adventure/Bomberman-master/target/classes/assets/textures/player_down.png
01:52:58.951 [FXGL Background Thread 2 ] DEBUG FXGLAssetLoaderServi - Loading from file system: file:/C:/Users/thanh/OneDrive/M%c3%a1y%20t%c3%adnh/2D%20Adventure/Bomberman-master/target/classes/assets/textures/player_right.png
01:52:58.952 [FXGL Background Thread 2 ] DEBUG FXGLAssetLoaderServi - Loading from file system: file:/C:/Users/thanh/OneDrive/M%c3%a1y%20t%c3%adnh/2D%20Adventure/Bomberman-master/target/classes/assets/textures/player_up.png
01:52:58.953 [FXGL Background Thread 2 ] DEBUG FXGLAssetLoaderServi - Loading from file system: file:/C:/Users/thanh/OneDrive/M%c3%a1y%20t%c3%adnh/2D%20Adventure/Bomberman-master/target/classes/assets/textures/player_left.png
01:52:58.958 [FXGL Background Thread 2 ] DEBUG FXGLAssetLoaderServi - Loading from file system: file:/C:/Users/thanh/OneDrive/M%c3%a1y%20t%c3%adnh/2D%20Adventure/Bomberman-master/target/classes/assets/textures/enemy1.png
01:52:59.020 [FXGL Background Thread 2 ] DEBUG FXGLAssetLoaderServi - Loading from file system: file:/C:/Users/thanh/OneDrive/M%c3%a1y%20t%c3%adnh/2D%20Adventure/Bomberman-master/target/classes/assets/textures/enemy2.png
01:52:59.026 [FXGL Background Thread 2 ] DEBUG FXGLAssetLoaderServi - Loading from file system: file:/C:/Users/thanh/OneDrive/M%c3%a1y%20t%c3%adnh/2D%20Adventure/Bomberman-master/target/classes/assets/textures/brick.png
01:52:59.054 [FXGL Background Thread 2 ] DEBUG FXGLAssetLoaderServi - Loading from file system: file:/C:/Users/thanh/OneDrive/M%c3%a1y%20t%c3%adnh/2D%20Adventure/Bomberman-master/target/classes/assets/textures/powerup_speed.png
01:52:59.056 [FXGL Background Thread 2 ] DEBUG FXGLAssetLoaderServi - Loading from file system: file:/C:/Users/thanh/OneDrive/M%c3%a1y%20t%c3%adnh/2D%20Adventure/Bomberman-master/target/classes/assets/textures/powerup_bombs.png
01:52:59.093 [FXGL Background Thread 2 ] DEBUG GameWorld            - Clearing removable entities
01:52:59.094 [FXGL Background Thread 2 ] DEBUG GameWorld            - Setting level: com.almasb.fxgl.entity.level.Level@fd541a1
01:52:59.144 [FXGL Background Thread 2 ] INFO  FXGLApplication      - Game initialization took: 0.355 sec
01:52:59.153 [JavaFX Application Thread] DEBUG Input                - Clearing active input actions
01:52:59.165 [JavaFX Application Thread] DEBUG GameApplicationServi - Removing overlay from FXGLLoadingScene and adding to GameScene
01:52:59.168 [JavaFX Application Thread] DEBUG PrimaryStageWindow   - FXGLLoadingScene -> GameScene
01:52:59.169 [JavaFX Application Thread] DEBUG FXGLAssetLoaderServi - Loading from file system: file:/C:/Users/thanh/OneDrive/M%c3%a1y%20t%c3%adnh/2D%20Adventure/Bomberman-master/target/classes/assets/sounds/stage_start.wav
01:52:59.192 [JavaFX Application Thread] DEBUG PrimaryStageWindow   - Push state: StageStartScene
01:52:59.192 [JavaFX Application Thread] DEBUG Input                - Clearing active input actions
01:52:59.193 [JavaFX Application Thread] DEBUG GameApplicationServi - Removing overlay from GameScene and adding to StageStartScene
01:52:59.193 [JavaFX Application Thread] DEBUG PrimaryStageWindow   - GameScene -> StageStartScene
01:53:03.298 [JavaFX Application Thread] DEBUG PrimaryStageWindow   - Pop state: StageStartScene
01:53:03.298 [JavaFX Application Thread] DEBUG Input                - Clearing active input actions
01:53:03.299 [JavaFX Application Thread] DEBUG GameApplicationServi - Removing overlay from StageStartScene and adding to GameScene
01:53:03.300 [JavaFX Application Thread] DEBUG PrimaryStageWindow   - GameScene <- StageStartScene
01:53:06.019 [JavaFX Application Thread] DEBUG FXGLAssetLoaderServi - Loading from file system: file:/C:/Users/thanh/OneDrive/M%c3%a1y%20t%c3%adnh/2D%20Adventure/Bomberman-master/target/classes/assets/textures/bomb.png
01:53:06.020 [JavaFX Application Thread] DEBUG FXGLAssetLoaderServi - Loading from file system: file:/C:/Users/thanh/OneDrive/M%c3%a1y%20t%c3%adnh/2D%20Adventure/Bomberman-master/target/classes/assets/sounds/place_bomb.wav
01:53:08.119 [JavaFX Application Thread] DEBUG FXGLAssetLoaderServi - Loading from file system: file:/C:/Users/thanh/OneDrive/M%c3%a1y%20t%c3%adnh/2D%20Adventure/Bomberman-master/target/classes/assets/textures/top_right_flame.png
01:53:08.121 [JavaFX Application Thread] DEBUG FXGLAssetLoaderServi - Loading from file system: file:/C:/Users/thanh/OneDrive/M%c3%a1y%20t%c3%adnh/2D%20Adventure/Bomberman-master/target/classes/assets/textures/top_left_flame.png
01:53:08.122 [JavaFX Application Thread] DEBUG FXGLAssetLoaderServi - Loading from file system: file:/C:/Users/thanh/OneDrive/M%c3%a1y%20t%c3%adnh/2D%20Adventure/Bomberman-master/target/classes/assets/textures/top_down_flame.png
01:53:08.124 [JavaFX Application Thread] DEBUG FXGLAssetLoaderServi - Loading from file system: file:/C:/Users/thanh/OneDrive/M%c3%a1y%20t%c3%adnh/2D%20Adventure/Bomberman-master/target/classes/assets/textures/top_up_flame.png
01:53:08.126 [JavaFX Application Thread] DEBUG FXGLAssetLoaderServi - Loading from file system: file:/C:/Users/thanh/OneDrive/M%c3%a1y%20t%c3%adnh/2D%20Adventure/Bomberman-master/target/classes/assets/textures/central_flame.png
01:53:08.130 [JavaFX Application Thread] DEBUG FXGLAssetLoaderServi - Loading from file system: file:/C:/Users/thanh/OneDrive/M%c3%a1y%20t%c3%adnh/2D%20Adventure/Bomberman-master/target/classes/assets/sounds/explosion.wav
01:53:08.144 [JavaFX Application Thread] DEBUG FXGLAssetLoaderServi - Loading from file system: file:/C:/Users/thanh/OneDrive/M%c3%a1y%20t%c3%adnh/2D%20Adventure/Bomberman-master/target/classes/assets/textures/brick_break.png
01:54:07.747 [JavaFX Application Thread] DEBUG FXGLAssetLoaderServi - Loading from file system: file:/C:/Users/thanh/OneDrive/M%c3%a1y%20t%c3%adnh/2D%20Adventure/Bomberman-master/target/classes/assets/sounds/player_die.wav
01:54:10.952 [JavaFX Application Thread] WARN  TMXLevelLoader       - TiledMap generated from 1.7.2. Supported version: 1.2.3. Some features may not be parsed fully.
01:54:10.968 [JavaFX Application Thread] DEBUG TMXLevelLoader       - Parsed TiledMap: file:/C:/Users/thanh/OneDrive/M%c3%a1y%20t%c3%adnh/2D%20Adventure/Bomberman-master/target/classes/assets/levels/level1.tmx
01:54:10.968 [JavaFX Application Thread] DEBUG TMXLevelLoader       - Creating tile layer entities
01:54:10.968 [JavaFX Application Thread] DEBUG TilesetLoader        - Loading view for layer Tile Layer 1
01:54:10.971 [JavaFX Application Thread] DEBUG TilesetLoader        - Created buffer with size 1488.0x720.0
01:54:10.987 [JavaFX Application Thread] DEBUG TMXLevelLoader       - Creating object layer entities
01:54:11.022 [JavaFX Application Thread] DEBUG GameWorld            - Clearing removable entities
01:54:11.028 [JavaFX Application Thread] DEBUG GameWorld            - Setting level: com.almasb.fxgl.entity.level.Level@7ab24001
01:54:14.718 [JavaFX Application Thread] DEBUG PrimaryStageWindow   - Push state: GameMenu
01:54:14.718 [JavaFX Application Thread] DEBUG Input                - Clearing active input actions
01:54:14.719 [JavaFX Application Thread] DEBUG GameApplicationServi - Removing overlay from GameScene and adding to GameMenu
01:54:14.719 [JavaFX Application Thread] DEBUG PrimaryStageWindow   - GameScene -> GameMenu
01:54:17.388 [JavaFX Application Thread] DEBUG Menu                 - fireExitToMainMenu()
01:54:17.392 [JavaFX Application Thread] DEBUG PrimaryStageWindow   - Push state: DialogSubScene
01:54:17.392 [JavaFX Application Thread] DEBUG Input                - Clearing active input actions
01:54:17.393 [JavaFX Application Thread] DEBUG GameApplicationServi - Removing overlay from GameMenu and adding to DialogSubScene
01:54:17.393 [JavaFX Application Thread] DEBUG PrimaryStageWindow   - GameMenu -> DialogSubScene
01:54:18.700 [JavaFX Application Thread] DEBUG PrimaryStageWindow   - Pop state: DialogSubScene
01:54:18.700 [JavaFX Application Thread] DEBUG Input                - Clearing active input actions
01:54:18.700 [JavaFX Application Thread] DEBUG GameApplicationServi - Removing overlay from DialogSubScene and adding to GameMenu
01:54:18.701 [JavaFX Application Thread] DEBUG PrimaryStageWindow   - GameMenu <- DialogSubScene
01:54:18.701 [JavaFX Application Thread] DEBUG PrimaryStageWindow   - Pop state: GameMenu
01:54:18.701 [JavaFX Application Thread] DEBUG Input                - Clearing active input actions
01:54:18.701 [JavaFX Application Thread] DEBUG GameApplicationServi - Removing overlay from GameMenu and adding to GameScene
01:54:18.701 [JavaFX Application Thread] DEBUG PrimaryStageWindow   - GameScene <- GameMenu
01:54:18.701 [JavaFX Application Thread] DEBUG Input                - Clearing active input actions
01:54:18.706 [JavaFX Application Thread] DEBUG GameApplicationServi - Removing overlay from GameScene and adding to FXGLMainMenuDummyScene
01:54:18.706 [JavaFX Application Thread] DEBUG PrimaryStageWindow   - GameScene -> FXGLMainMenuDummyScene
01:54:18.706 [JavaFX Application Thread] DEBUG PrimaryStageWindow   - Push state: MainMenu
01:54:18.706 [JavaFX Application Thread] DEBUG Input                - Clearing active input actions
01:54:18.707 [JavaFX Application Thread] DEBUG GameApplicationServi - Removing overlay from FXGLMainMenuDummyScene and adding to MainMenu
01:54:18.707 [JavaFX Application Thread] DEBUG PrimaryStageWindow   - FXGLMainMenuDummyScene -> MainMenu
01:54:19.635 [JavaFX Application Thread] DEBUG Menu                 - fireExit()
01:54:19.637 [JavaFX Application Thread] DEBUG PrimaryStageWindow   - Push state: DialogSubScene
01:54:19.637 [JavaFX Application Thread] DEBUG Input                - Clearing active input actions
01:54:19.637 [JavaFX Application Thread] DEBUG GameApplicationServi - Removing overlay from MainMenu and adding to DialogSubScene
01:54:19.637 [JavaFX Application Thread] DEBUG PrimaryStageWindow   - MainMenu -> DialogSubScene
01:54:20.548 [JavaFX Application Thread] DEBUG PrimaryStageWindow   - Pop state: DialogSubScene
01:54:20.548 [JavaFX Application Thread] DEBUG Input                - Clearing active input actions
01:54:20.548 [JavaFX Application Thread] DEBUG GameApplicationServi - Removing overlay from DialogSubScene and adding to MainMenu
01:54:20.548 [JavaFX Application Thread] DEBUG PrimaryStageWindow   - MainMenu <- DialogSubScene
01:54:20.548 [JavaFX Application Thread] DEBUG FXGLApplication      - Exiting FXGL
01:54:20.548 [JavaFX Application Thread] DEBUG LoopRunner           - Stopping loop
01:54:20.548 [JavaFX Application Thread] DEBUG SystemBundleService  - Saving FXGL system data
01:54:20.550 [JavaFX Application Thread] DEBUG FileSystemAccess     - Writing to: C:\Users\thanh\OneDrive\Máy tính\2D Adventure\Bomberman-master\system\fxgl.bundle
01:54:20.552 [JavaFX Application Thread] DEBUG Async                - Shutting down background threads
01:54:20.552 [JavaFX Application Thread] DEBUG PrimaryStageWindow   - Closing main window
01:54:20.584 [JavaFX Application Thread] DEBUG Logger               - Closing Logger
